[2021-02-03 17:58:29] [restartedMain] INFO  - org.springframework.boot.StartupInfoLogger.logStarting(StartupInfoLogger.java:55) - Starting Emp2Application using Java 1.8.0_261 on MacBook-Pro.lan with PID 13645 (/Users/guanzepeng/Documents/java_se/emp2/target/classes started by guanzepeng in /Users/guanzepeng/Documents/java_se/emp2)
[2021-02-03 17:58:29] [restartedMain] INFO  - org.springframework.boot.SpringApplication.logStartupProfileInfo(SpringApplication.java:664) - The following profiles are active: test
[2021-02-03 17:58:29] [restartedMain] INFO  - org.springframework.boot.logging.DeferredLog.logTo(DeferredLog.java:255) - Devtools property defaults active! Set 'spring.devtools.add-properties' to 'false' to disable
[2021-02-03 17:58:29] [restartedMain] INFO  - org.springframework.boot.logging.DeferredLog.logTo(DeferredLog.java:255) - For additional web related logging consider setting the 'logging.level.web' property to 'DEBUG'
[2021-02-03 17:58:31] [restartedMain] INFO  - org.springframework.boot.web.embedded.tomcat.TomcatWebServer.initialize(TomcatWebServer.java:108) - Tomcat initialized with port(s): 8080 (http)
[2021-02-03 17:58:31] [restartedMain] INFO  - org.apache.juli.logging.DirectJDKLog.log(DirectJDKLog.java:173) - Starting service [Tomcat]
[2021-02-03 17:58:31] [restartedMain] INFO  - org.apache.juli.logging.DirectJDKLog.log(DirectJDKLog.java:173) - Starting Servlet engine: [Apache Tomcat/9.0.41]
[2021-02-03 17:58:32] [restartedMain] INFO  - org.apache.juli.logging.DirectJDKLog.log(DirectJDKLog.java:173) - At least one JAR was scanned for TLDs yet contained no TLDs. Enable debug logging for this logger for a complete list of JARs that were scanned but no TLDs were found in them. Skipping unneeded JARs during scanning can improve startup time and JSP compilation time.
[2021-02-03 17:58:32] [restartedMain] INFO  - org.apache.juli.logging.DirectJDKLog.log(DirectJDKLog.java:173) - Initializing Spring embedded WebApplicationContext
[2021-02-03 17:58:32] [restartedMain] INFO  - org.springframework.boot.web.servlet.context.ServletWebServerApplicationContext.prepareWebApplicationContext(ServletWebServerApplicationContext.java:289) - Root WebApplicationContext: initialization completed in 2227 ms
[2021-02-03 17:58:32] [restartedMain] INFO  - org.springframework.scheduling.concurrent.ExecutorConfigurationSupport.initialize(ExecutorConfigurationSupport.java:181) - Initializing ExecutorService 'applicationTaskExecutor'
[2021-02-03 17:58:33] [restartedMain] INFO  - org.springframework.boot.devtools.autoconfigure.OptionalLiveReloadServer.startServer(OptionalLiveReloadServer.java:58) - LiveReload server is running on port 35729
[2021-02-03 17:58:33] [restartedMain] WARN  - org.springframework.boot.autoconfigure.thymeleaf.ThymeleafAutoConfiguration$DefaultTemplateResolverConfiguration.checkTemplateLocationExists(ThymeleafAutoConfiguration.java:105) - Cannot find template location: classpath:/templates/ (please add some templates or check your Thymeleaf configuration)
[2021-02-03 17:58:33] [restartedMain] INFO  - com.alibaba.druid.spring.boot.autoconfigure.DruidDataSourceAutoConfigure.dataSource(DruidDataSourceAutoConfigure.java:56) - Init DruidDataSource
[2021-02-03 17:58:34] [restartedMain] INFO  - com.alibaba.druid.pool.DruidDataSource.init(DruidDataSource.java:985) - {dataSource-1} inited
[2021-02-03 17:58:34] [restartedMain] INFO  - org.springframework.boot.web.embedded.tomcat.TomcatWebServer.start(TomcatWebServer.java:220) - Tomcat started on port(s): 8080 (http) with context path ''
[2021-02-03 17:58:34] [restartedMain] INFO  - org.springframework.boot.StartupInfoLogger.logStarted(StartupInfoLogger.java:61) - Started Emp2Application in 5.841 seconds (JVM running for 7.089)
[2021-02-03 17:58:38] [SpringContextShutdownHook] INFO  - com.alibaba.druid.pool.DruidDataSource.close(DruidDataSource.java:2032) - {dataSource-1} closing ...
[2021-02-03 17:58:38] [SpringContextShutdownHook] INFO  - com.alibaba.druid.pool.DruidDataSource.close(DruidDataSource.java:2104) - {dataSource-1} closed
[2021-02-03 17:58:38] [SpringContextShutdownHook] INFO  - org.springframework.scheduling.concurrent.ExecutorConfigurationSupport.shutdown(ExecutorConfigurationSupport.java:218) - Shutting down ExecutorService 'applicationTaskExecutor'
